Exporter version: 2.93.5, Blender version: 3.0.0
========= Conversion from Blender to Babylon.js =========
	Scene settings used :
		Inline textures     :  false
		Material Type       :  PBR
		Positions Precision :  4
		Normals Precision   :  3
		UVs Precision       :  3
		Vert Color Precision:  3
		Mat Weight Precision:  2
		Keep Z-up r-handed  :  no
		Texture directory   :  D:\Github\fauzanardh\CG2021Joysticks\public\assets\models\museum_with_roof\
	Python World class constructor completed
	WARNING: No active camera has been assigned, or is not in a currently enabled collection
	processing begun of mesh:  Box111
		processing begun of material:  glass
		num positions      :  25
		num normals        :  25
		num tangents       :  0
		num uvs            :  50
		num uvs2           :  0
		num colors         :  0
		num triangles      :  12
	processing begun of mesh:  Box112
		processing begun of material:  Metal_Frame
		num positions      :  225
		num normals        :  225
		num tangents       :  0
		num uvs            :  450
		num uvs2           :  0
		num colors         :  0
		num triangles      :  108
	processing begun of mesh:  Box113
		processing begun of material:  glass
		registered as also a user of material:  glass
		num positions      :  25
		num normals        :  25
		num tangents       :  0
		num uvs            :  50
		num uvs2           :  0
		num colors         :  0
		num triangles      :  12
	processing begun of mesh:  Box114
		processing begun of material:  Metal_Frame
		registered as also a user of material:  Metal_Frame
		num positions      :  225
		num normals        :  225
		num tangents       :  0
		num uvs            :  450
		num uvs2           :  0
		num colors         :  0
		num triangles      :  108
	processing begun of mesh:  Box118
		processing begun of material:  Metal_Frame
		registered as also a user of material:  Metal_Frame
		num positions      :  223
		num normals        :  223
		num tangents       :  0
		num uvs            :  446
		num uvs2           :  0
		num colors         :  0
		num triangles      :  108
	processing begun of mesh:  Box119
		processing begun of material:  glass
		registered as also a user of material:  glass
		num positions      :  25
		num normals        :  25
		num tangents       :  0
		num uvs            :  50
		num uvs2           :  0
		num colors         :  0
		num triangles      :  12
	processing begun of mesh:  Box116
		processing begun of material:  Metal_Frame
		registered as also a user of material:  Metal_Frame
		num positions      :  225
		num normals        :  225
		num tangents       :  0
		num uvs            :  450
		num uvs2           :  0
		num colors         :  0
		num triangles      :  108
	processing begun of mesh:  Box117
		processing begun of material:  glass
		registered as also a user of material:  glass
		num positions      :  25
		num normals        :  25
		num tangents       :  0
		num uvs            :  50
		num uvs2           :  0
		num colors         :  0
		num triangles      :  12
	processing begun of mesh:  Box105
		processing begun of material:  glass
		registered as also a user of material:  glass
		num positions      :  25
		num normals        :  25
		num tangents       :  0
		num uvs            :  50
		num uvs2           :  0
		num colors         :  0
		num triangles      :  12
	processing begun of mesh:  Box106
		processing begun of material:  Metal_Frame
		registered as also a user of material:  Metal_Frame
		num positions      :  225
		num normals        :  225
		num tangents       :  0
		num uvs            :  450
		num uvs2           :  0
		num colors         :  0
		num triangles      :  108
	processing begun of mesh:  Box122
		processing begun of material:  Metal_Frame
		registered as also a user of material:  Metal_Frame
		num positions      :  224
		num normals        :  224
		num tangents       :  0
		num uvs            :  448
		num uvs2           :  0
		num colors         :  0
		num triangles      :  108
	processing begun of mesh:  Box123
		processing begun of material:  glass
		registered as also a user of material:  glass
		num positions      :  25
		num normals        :  25
		num tangents       :  0
		num uvs            :  50
		num uvs2           :  0
		num colors         :  0
		num triangles      :  12
	processing begun of mesh:  Box125
		processing begun of material:  glass
		registered as also a user of material:  glass
		num positions      :  25
		num normals        :  25
		num tangents       :  0
		num uvs            :  50
		num uvs2           :  0
		num colors         :  0
		num triangles      :  12
	processing begun of mesh:  Box124
		processing begun of material:  Metal_Frame
		registered as also a user of material:  Metal_Frame
		num positions      :  224
		num normals        :  224
		num tangents       :  0
		num uvs            :  448
		num uvs2           :  0
		num colors         :  0
		num triangles      :  108
	processing begun of mesh:  Box127
		processing begun of material:  Layout_Counter_Texture
			processing texture floor_plan_tex
				texture type:  diffuseTexture, mapped using: "UVMap"
		num positions      :  30
		num normals        :  30
		num tangents       :  0
		num uvs            :  60
		num uvs2           :  0
		num colors         :  0
		num triangles      :  12
	processing begun of mesh:  Box126
		processing begun of material:  wire_005005005
		num positions      :  25
		num normals        :  25
		num tangents       :  0
		num uvs            :  50
		num uvs2           :  0
		num colors         :  0
		num triangles      :  12
	processing begun of mesh:  Shelves_With_items
		processing begun of material:  Material__5
			processing texture Finishes_Flooring_Wood_Plank_Beech
				texture type:  diffuseTexture, mapped using: "UVMap"
		num positions      :  50
		num normals        :  50
		num tangents       :  0
		num uvs            :  100
		num uvs2           :  0
		num colors         :  0
		num triangles      :  24
	processing begun of mesh:  Shelves_With_items.000
		processing begun of material:  Material__5
		registered as also a user of material:  Material__5
		num positions      :  75
		num normals        :  75
		num tangents       :  0
		num uvs            :  150
		num uvs2           :  0
		num colors         :  0
		num triangles      :  36
	processing begun of mesh:  Shelves_With_items.001
		processing begun of material:  wire_228214153
		num positions      :  127
		num normals        :  127
		num tangents       :  0
		num uvs            :  254
		num uvs2           :  0
		num colors         :  0
		num triangles      :  216
	processing begun of mesh:  Shelves_With_items.002
		processing begun of material:  wire_008008136
		num positions      :  127
		num normals        :  127
		num tangents       :  0
		num uvs            :  254
		num uvs2           :  0
		num colors         :  0
		num triangles      :  216
	processing begun of mesh:  Shelves_With_items.003
		processing begun of material:  wire_228214153
		registered as also a user of material:  wire_228214153
		num positions      :  127
		num normals        :  127
		num tangents       :  0
		num uvs            :  254
		num uvs2           :  0
		num colors         :  0
		num triangles      :  216
	processing begun of mesh:  Shelves_With_items.004
		processing begun of material:  wire_008008136
		registered as also a user of material:  wire_008008136
		num positions      :  127
		num normals        :  127
		num tangents       :  0
		num uvs            :  254
		num uvs2           :  0
		num colors         :  0
		num triangles      :  216
	processing begun of mesh:  Shelves_With_items.005
		processing begun of material:  wire_228214153
		registered as also a user of material:  wire_228214153
		num positions      :  127
		num normals        :  127
		num tangents       :  0
		num uvs            :  254
		num uvs2           :  0
		num colors         :  0
		num triangles      :  216
	processing begun of mesh:  Shelves_With_items.006
		processing begun of material:  wire_008008136
		registered as also a user of material:  wire_008008136
		num positions      :  127
		num normals        :  127
		num tangents       :  0
		num uvs            :  254
		num uvs2           :  0
		num colors         :  0
		num triangles      :  216
	processing begun of mesh:  Shelves_With_items.007
		processing begun of material:  wire_228214153
		registered as also a user of material:  wire_228214153
		num positions      :  127
		num normals        :  127
		num tangents       :  0
		num uvs            :  254
		num uvs2           :  0
		num colors         :  0
		num triangles      :  216
	processing begun of mesh:  Shelves_With_items.008
		processing begun of material:  wire_008008136
		registered as also a user of material:  wire_008008136
		num positions      :  127
		num normals        :  127
		num tangents       :  0
		num uvs            :  254
		num uvs2           :  0
		num colors         :  0
		num triangles      :  216
	processing begun of mesh:  Shelves_With_items.009
		processing begun of material:  wire_228214153
		registered as also a user of material:  wire_228214153
		num positions      :  127
		num normals        :  127
		num tangents       :  0
		num uvs            :  254
		num uvs2           :  0
		num colors         :  0
		num triangles      :  216
	processing begun of mesh:  Shelves_With_items.010
		processing begun of material:  wire_008008136
		registered as also a user of material:  wire_008008136
		num positions      :  127
		num normals        :  127
		num tangents       :  0
		num uvs            :  254
		num uvs2           :  0
		num colors         :  0
		num triangles      :  216
	processing begun of mesh:  Shelves_With_items.011
		processing begun of material:  wire_228214153
		registered as also a user of material:  wire_228214153
		num positions      :  127
		num normals        :  127
		num tangents       :  0
		num uvs            :  254
		num uvs2           :  0
		num colors         :  0
		num triangles      :  216
	processing begun of mesh:  Shelves_With_items.012
		processing begun of material:  wire_008008136
		registered as also a user of material:  wire_008008136
		num positions      :  127
		num normals        :  127
		num tangents       :  0
		num uvs            :  254
		num uvs2           :  0
		num colors         :  0
		num triangles      :  216
	processing begun of mesh:  Shelves_With_items.013
		processing begun of material:  wire_228214153
		registered as also a user of material:  wire_228214153
		num positions      :  127
		num normals        :  127
		num tangents       :  0
		num uvs            :  254
		num uvs2           :  0
		num colors         :  0
		num triangles      :  216
	processing begun of mesh:  Shelves_With_items.014
		processing begun of material:  wire_008008136
		registered as also a user of material:  wire_008008136
		num positions      :  127
		num normals        :  127
		num tangents       :  0
		num uvs            :  254
		num uvs2           :  0
		num colors         :  0
		num triangles      :  216
	processing begun of mesh:  Shelves_With_items.015
		processing begun of material:  wire_228214153
		registered as also a user of material:  wire_228214153
		num positions      :  127
		num normals        :  127
		num tangents       :  0
		num uvs            :  254
		num uvs2           :  0
		num colors         :  0
		num triangles      :  216
	processing begun of mesh:  Shelves_With_items.016
		processing begun of material:  wire_008008136
		registered as also a user of material:  wire_008008136
		num positions      :  127
		num normals        :  127
		num tangents       :  0
		num uvs            :  254
		num uvs2           :  0
		num colors         :  0
		num triangles      :  216
	processing begun of mesh:  Shelves_With_items.017
		processing begun of material:  Material__5
		registered as also a user of material:  Material__5
		num positions      :  25
		num normals        :  25
		num tangents       :  0
		num uvs            :  50
		num uvs2           :  0
		num colors         :  0
		num triangles      :  12
	processing begun of mesh:  Shelves_With_items.018
		processing begun of material:  Material__4
			processing texture Finishes_Flooring_Wood_Plank_Beech
				texture type:  diffuseTexture, mapped using: "UVMap"
		num positions      :  506
		num normals        :  506
		num tangents       :  0
		num uvs            :  1012
		num uvs2           :  0
		num colors         :  0
		num triangles      :  240
	processing begun of mesh:  Shelves_With_items.019
		processing begun of material:  Material__5
		registered as also a user of material:  Material__5
		num positions      :  24
		num normals        :  24
		num tangents       :  0
		num uvs            :  48
		num uvs2           :  0
		num colors         :  0
		num triangles      :  12
	processing begun of mesh:  Shelves_With_items.020
		processing begun of material:  Material__4
		registered as also a user of material:  Material__4
		num positions      :  510
		num normals        :  510
		num tangents       :  0
		num uvs            :  1020
		num uvs2           :  0
		num colors         :  0
		num triangles      :  240
	processing begun of mesh:  Shelves_With_items.021
		processing begun of material:  Material__5
		registered as also a user of material:  Material__5
		num positions      :  25
		num normals        :  25
		num tangents       :  0
		num uvs            :  50
		num uvs2           :  0
		num colors         :  0
		num triangles      :  12
	processing begun of mesh:  Shelves_With_items.022
		processing begun of material:  Material__4
		registered as also a user of material:  Material__4
		num positions      :  498
		num normals        :  498
		num tangents       :  0
		num uvs            :  996
		num uvs2           :  0
		num colors         :  0
		num triangles      :  240
	processing begun of mesh:  Shelves_With_items.023
		processing begun of material:  Material__5
		registered as also a user of material:  Material__5
		num positions      :  25
		num normals        :  25
		num tangents       :  0
		num uvs            :  50
		num uvs2           :  0
		num colors         :  0
		num triangles      :  12
	processing begun of mesh:  Shelves_With_items.024
		processing begun of material:  Material__5
		registered as also a user of material:  Material__5
		num positions      :  501
		num normals        :  501
		num tangents       :  0
		num uvs            :  1002
		num uvs2           :  0
		num colors         :  0
		num triangles      :  240
	processing begun of mesh:  Shelves_With_items.025
		processing begun of material:  Material__5
		registered as also a user of material:  Material__5
		num positions      :  50
		num normals        :  50
		num tangents       :  0
		num uvs            :  100
		num uvs2           :  0
		num colors         :  0
		num triangles      :  24
	processing begun of mesh:  Shelves_With_items.026
		processing begun of material:  Material__5
		registered as also a user of material:  Material__5
		num positions      :  75
		num normals        :  75
		num tangents       :  0
		num uvs            :  150
		num uvs2           :  0
		num colors         :  0
		num triangles      :  36
	processing begun of mesh:  Shelves_With_items.027
		processing begun of material:  wire_228214153
		registered as also a user of material:  wire_228214153
		num positions      :  127
		num normals        :  127
		num tangents       :  0
		num uvs            :  254
		num uvs2           :  0
		num colors         :  0
		num triangles      :  216
	processing begun of mesh:  Shelves_With_items.028
		processing begun of material:  wire_008008136
		registered as also a user of material:  wire_008008136
		num positions      :  127
		num normals        :  127
		num tangents       :  0
		num uvs            :  254
		num uvs2           :  0
		num colors         :  0
		num triangles      :  216
	processing begun of mesh:  Shelves_With_items.029
		processing begun of material:  wire_228214153
		registered as also a user of material:  wire_228214153
		num positions      :  127
		num normals        :  127
		num tangents       :  0
		num uvs            :  254
		num uvs2           :  0
		num colors         :  0
		num triangles      :  216
	processing begun of mesh:  Shelves_With_items.030
		processing begun of material:  wire_008008136
		registered as also a user of material:  wire_008008136
		num positions      :  127
		num normals        :  127
		num tangents       :  0
		num uvs            :  254
		num uvs2           :  0
		num colors         :  0
		num triangles      :  216
	processing begun of mesh:  Shelves_With_items.031
		processing begun of material:  wire_228214153
		registered as also a user of material:  wire_228214153
		num positions      :  127
		num normals        :  127
		num tangents       :  0
		num uvs            :  254
		num uvs2           :  0
		num colors         :  0
		num triangles      :  216
	processing begun of mesh:  Shelves_With_items.032
		processing begun of material:  wire_008008136
		registered as also a user of material:  wire_008008136
		num positions      :  127
		num normals        :  127
		num tangents       :  0
		num uvs            :  254
		num uvs2           :  0
		num colors         :  0
		num triangles      :  216
	processing begun of mesh:  Shelves_With_items.033
		processing begun of material:  wire_228214153
		registered as also a user of material:  wire_228214153
		num positions      :  127
		num normals        :  127
		num tangents       :  0
		num uvs            :  254
		num uvs2           :  0
		num colors         :  0
		num triangles      :  216
	processing begun of mesh:  Shelves_With_items.034
		processing begun of material:  wire_008008136
		registered as also a user of material:  wire_008008136
		num positions      :  127
		num normals        :  127
		num tangents       :  0
		num uvs            :  254
		num uvs2           :  0
		num colors         :  0
		num triangles      :  216
	processing begun of mesh:  Shelves_With_items.035
		processing begun of material:  wire_228214153
		registered as also a user of material:  wire_228214153
		num positions      :  127
		num normals        :  127
		num tangents       :  0
		num uvs            :  254
		num uvs2           :  0
		num colors         :  0
		num triangles      :  216
	processing begun of mesh:  Shelves_With_items.036
		processing begun of material:  wire_008008136
		registered as also a user of material:  wire_008008136
		num positions      :  127
		num normals        :  127
		num tangents       :  0
		num uvs            :  254
		num uvs2           :  0
		num colors         :  0
		num triangles      :  216
	processing begun of mesh:  Shelves_With_items.037
		processing begun of material:  wire_228214153
		registered as also a user of material:  wire_228214153
		num positions      :  127
		num normals        :  127
		num tangents       :  0
		num uvs            :  254
		num uvs2           :  0
		num colors         :  0
		num triangles      :  216
	processing begun of mesh:  Shelves_With_items.038
		processing begun of material:  wire_008008136
		registered as also a user of material:  wire_008008136
		num positions      :  127
		num normals        :  127
		num tangents       :  0
		num uvs            :  254
		num uvs2           :  0
		num colors         :  0
		num triangles      :  216
	processing begun of mesh:  Shelves_With_items.039
		processing begun of material:  wire_228214153
		registered as also a user of material:  wire_228214153
		num positions      :  127
		num normals        :  127
		num tangents       :  0
		num uvs            :  254
		num uvs2           :  0
		num colors         :  0
		num triangles      :  216
	processing begun of mesh:  Shelves_With_items.040
		processing begun of material:  wire_008008136
		registered as also a user of material:  wire_008008136
		num positions      :  127
		num normals        :  127
		num tangents       :  0
		num uvs            :  254
		num uvs2           :  0
		num colors         :  0
		num triangles      :  216
	processing begun of mesh:  Shelves_With_items.041
		processing begun of material:  wire_228214153
		registered as also a user of material:  wire_228214153
		num positions      :  127
		num normals        :  127
		num tangents       :  0
		num uvs            :  254
		num uvs2           :  0
		num colors         :  0
		num triangles      :  216
	processing begun of mesh:  Shelves_With_items.042
		processing begun of material:  wire_008008136
		registered as also a user of material:  wire_008008136
		num positions      :  127
		num normals        :  127
		num tangents       :  0
		num uvs            :  254
		num uvs2           :  0
		num colors         :  0
		num triangles      :  216
	processing begun of mesh:  Shelves_With_items.043
		processing begun of material:  Material__5
		registered as also a user of material:  Material__5
		num positions      :  25
		num normals        :  25
		num tangents       :  0
		num uvs            :  50
		num uvs2           :  0
		num colors         :  0
		num triangles      :  12
	processing begun of mesh:  Shelves_With_items.044
		processing begun of material:  Material__4
		registered as also a user of material:  Material__4
		num positions      :  506
		num normals        :  506
		num tangents       :  0
		num uvs            :  1012
		num uvs2           :  0
		num colors         :  0
		num triangles      :  240
	processing begun of mesh:  Shelves_With_items.045
		processing begun of material:  Material__5
		registered as also a user of material:  Material__5
		num positions      :  24
		num normals        :  24
		num tangents       :  0
		num uvs            :  48
		num uvs2           :  0
		num colors         :  0
		num triangles      :  12
	processing begun of mesh:  Shelves_With_items.046
		processing begun of material:  Material__4
		registered as also a user of material:  Material__4
		num positions      :  510
		num normals        :  510
		num tangents       :  0
		num uvs            :  1020
		num uvs2           :  0
		num colors         :  0
		num triangles      :  240
	processing begun of mesh:  Shelves_With_items.047
		processing begun of material:  Material__5
		registered as also a user of material:  Material__5
		num positions      :  25
		num normals        :  25
		num tangents       :  0
		num uvs            :  50
		num uvs2           :  0
		num colors         :  0
		num triangles      :  12
	processing begun of mesh:  Shelves_With_items.048
		processing begun of material:  Material__4
		registered as also a user of material:  Material__4
		num positions      :  496
		num normals        :  496
		num tangents       :  0
		num uvs            :  992
		num uvs2           :  0
		num colors         :  0
		num triangles      :  240
	processing begun of mesh:  Shelves_With_items.049
		processing begun of material:  Material__5
		registered as also a user of material:  Material__5
		num positions      :  25
		num normals        :  25
		num tangents       :  0
		num uvs            :  50
		num uvs2           :  0
		num colors         :  0
		num triangles      :  12
	processing begun of mesh:  Shelves_With_items.050
		processing begun of material:  Material__5
		registered as also a user of material:  Material__5
		num positions      :  499
		num normals        :  499
		num tangents       :  0
		num uvs            :  998
		num uvs2           :  0
		num colors         :  0
		num triangles      :  240
	processing begun of mesh:  Shelves_With_items.051
		processing begun of material:  Material__5
		registered as also a user of material:  Material__5
		num positions      :  50
		num normals        :  50
		num tangents       :  0
		num uvs            :  100
		num uvs2           :  0
		num colors         :  0
		num triangles      :  24
	processing begun of mesh:  Shelves_With_items.052
		processing begun of material:  Material__5
		registered as also a user of material:  Material__5
		num positions      :  75
		num normals        :  75
		num tangents       :  0
		num uvs            :  150
		num uvs2           :  0
		num colors         :  0
		num triangles      :  36
	processing begun of mesh:  Shelves_With_items.053
		processing begun of material:  wire_228214153
		registered as also a user of material:  wire_228214153
		num positions      :  127
		num normals        :  127
		num tangents       :  0
		num uvs            :  254
		num uvs2           :  0
		num colors         :  0
		num triangles      :  216
	processing begun of mesh:  Shelves_With_items.054
		processing begun of material:  wire_008008136
		registered as also a user of material:  wire_008008136
		num positions      :  127
		num normals        :  127
		num tangents       :  0
		num uvs            :  254
		num uvs2           :  0
		num colors         :  0
		num triangles      :  216
	processing begun of mesh:  Shelves_With_items.055
		processing begun of material:  wire_228214153
		registered as also a user of material:  wire_228214153
		num positions      :  127
		num normals        :  127
		num tangents       :  0
		num uvs            :  254
		num uvs2           :  0
		num colors         :  0
		num triangles      :  216
	processing begun of mesh:  Shelves_With_items.056
		processing begun of material:  wire_008008136
		registered as also a user of material:  wire_008008136
		num positions      :  127
		num normals        :  127
		num tangents       :  0
		num uvs            :  254
		num uvs2           :  0
		num colors         :  0
		num triangles      :  216
	processing begun of mesh:  Shelves_With_items.057
		processing begun of material:  wire_228214153
		registered as also a user of material:  wire_228214153
		num positions      :  127
		num normals        :  127
		num tangents       :  0
		num uvs            :  254
		num uvs2           :  0
		num colors         :  0
		num triangles      :  216
	processing begun of mesh:  Shelves_With_items.058
		processing begun of material:  wire_008008136
		registered as also a user of material:  wire_008008136
		num positions      :  127
		num normals        :  127
		num tangents       :  0
		num uvs            :  254
		num uvs2           :  0
		num colors         :  0
		num triangles      :  216
	processing begun of mesh:  Shelves_With_items.059
		processing begun of material:  wire_228214153
		registered as also a user of material:  wire_228214153
		num positions      :  127
		num normals        :  127
		num tangents       :  0
		num uvs            :  254
		num uvs2           :  0
		num colors         :  0
		num triangles      :  216
	processing begun of mesh:  Shelves_With_items.060
		processing begun of material:  wire_008008136
		registered as also a user of material:  wire_008008136
		num positions      :  127
		num normals        :  127
		num tangents       :  0
		num uvs            :  254
		num uvs2           :  0
		num colors         :  0
		num triangles      :  216
	processing begun of mesh:  Shelves_With_items.061
		processing begun of material:  wire_228214153
		registered as also a user of material:  wire_228214153
		num positions      :  127
		num normals        :  127
		num tangents       :  0
		num uvs            :  254
		num uvs2           :  0
		num colors         :  0
		num triangles      :  216
	processing begun of mesh:  Shelves_With_items.062
		processing begun of material:  wire_008008136
		registered as also a user of material:  wire_008008136
		num positions      :  127
		num normals        :  127
		num tangents       :  0
		num uvs            :  254
		num uvs2           :  0
		num colors         :  0
		num triangles      :  216
	processing begun of mesh:  Shelves_With_items.063
		processing begun of material:  wire_228214153
		registered as also a user of material:  wire_228214153
		num positions      :  127
		num normals        :  127
		num tangents       :  0
		num uvs            :  254
		num uvs2           :  0
		num colors         :  0
		num triangles      :  216
	processing begun of mesh:  Shelves_With_items.064
		processing begun of material:  wire_008008136
		registered as also a user of material:  wire_008008136
		num positions      :  127
		num normals        :  127
		num tangents       :  0
		num uvs            :  254
		num uvs2           :  0
		num colors         :  0
		num triangles      :  216
	processing begun of mesh:  Shelves_With_items.065
		processing begun of material:  wire_228214153
		registered as also a user of material:  wire_228214153
		num positions      :  127
		num normals        :  127
		num tangents       :  0
		num uvs            :  254
		num uvs2           :  0
		num colors         :  0
		num triangles      :  216
	processing begun of mesh:  Shelves_With_items.066
		processing begun of material:  wire_008008136
		registered as also a user of material:  wire_008008136
		num positions      :  127
		num normals        :  127
		num tangents       :  0
		num uvs            :  254
		num uvs2           :  0
		num colors         :  0
		num triangles      :  216
	processing begun of mesh:  Shelves_With_items.067
		processing begun of material:  wire_228214153
		registered as also a user of material:  wire_228214153
		num positions      :  127
		num normals        :  127
		num tangents       :  0
		num uvs            :  254
		num uvs2           :  0
		num colors         :  0
		num triangles      :  216
	processing begun of mesh:  Shelves_With_items.068
		processing begun of material:  wire_008008136
		registered as also a user of material:  wire_008008136
		num positions      :  127
		num normals        :  127
		num tangents       :  0
		num uvs            :  254
		num uvs2           :  0
		num colors         :  0
		num triangles      :  216
	processing begun of mesh:  Shelves_With_items.069
		processing begun of material:  Material__5
		registered as also a user of material:  Material__5
		num positions      :  25
		num normals        :  25
		num tangents       :  0
		num uvs            :  50
		num uvs2           :  0
		num colors         :  0
		num triangles      :  12
	processing begun of mesh:  Shelves_With_items.070
		processing begun of material:  Material__4
		registered as also a user of material:  Material__4
		num positions      :  506
		num normals        :  506
		num tangents       :  0
		num uvs            :  1012
		num uvs2           :  0
		num colors         :  0
		num triangles      :  240
	processing begun of mesh:  Shelves_With_items.071
		processing begun of material:  Material__5
		registered as also a user of material:  Material__5
		num positions      :  24
		num normals        :  24
		num tangents       :  0
		num uvs            :  48
		num uvs2           :  0
		num colors         :  0
		num triangles      :  12
	processing begun of mesh:  Shelves_With_items.072
		processing begun of material:  Material__4
		registered as also a user of material:  Material__4
		num positions      :  510
		num normals        :  510
		num tangents       :  0
		num uvs            :  1020
		num uvs2           :  0
		num colors         :  0
		num triangles      :  240
	processing begun of mesh:  Shelves_With_items.073
		processing begun of material:  Material__5
		registered as also a user of material:  Material__5
		num positions      :  25
		num normals        :  25
		num tangents       :  0
		num uvs            :  50
		num uvs2           :  0
		num colors         :  0
		num triangles      :  12
	processing begun of mesh:  Shelves_With_items.074
		processing begun of material:  Material__4
		registered as also a user of material:  Material__4
		num positions      :  500
		num normals        :  500
		num tangents       :  0
		num uvs            :  1000
		num uvs2           :  0
		num colors         :  0
		num triangles      :  240
	processing begun of mesh:  Shelves_With_items.075
		processing begun of material:  Material__5
		registered as also a user of material:  Material__5
		num positions      :  24
		num normals        :  24
		num tangents       :  0
		num uvs            :  48
		num uvs2           :  0
		num colors         :  0
		num triangles      :  12
	processing begun of mesh:  Shelves_With_items.076
		processing begun of material:  Material__5
		registered as also a user of material:  Material__5
		num positions      :  507
		num normals        :  507
		num tangents       :  0
		num uvs            :  1014
		num uvs2           :  0
		num colors         :  0
		num triangles      :  240
	processing begun of mesh:  Mayo_120
		processing begun of material:  wire_228214153
		registered as also a user of material:  wire_228214153
		num positions      :  127
		num normals        :  127
		num tangents       :  0
		num uvs            :  254
		num uvs2           :  0
		num colors         :  0
		num triangles      :  216
	processing begun of mesh:  Mayo_121
		processing begun of material:  wire_008008136
		registered as also a user of material:  wire_008008136
		num positions      :  127
		num normals        :  127
		num tangents       :  0
		num uvs            :  254
		num uvs2           :  0
		num colors         :  0
		num triangles      :  216
	processing begun of mesh:  Mayo_117
		processing begun of material:  wire_228214153
		registered as also a user of material:  wire_228214153
		num positions      :  127
		num normals        :  127
		num tangents       :  0
		num uvs            :  254
		num uvs2           :  0
		num colors         :  0
		num triangles      :  216
	processing begun of mesh:  Mayo_118
		processing begun of material:  wire_008008136
		registered as also a user of material:  wire_008008136
		num positions      :  127
		num normals        :  127
		num tangents       :  0
		num uvs            :  254
		num uvs2           :  0
		num colors         :  0
		num triangles      :  216
	processing begun of mesh:  Mayo_123
		processing begun of material:  wire_228214153
		registered as also a user of material:  wire_228214153
		num positions      :  127
		num normals        :  127
		num tangents       :  0
		num uvs            :  254
		num uvs2           :  0
		num colors         :  0
		num triangles      :  216
	processing begun of mesh:  Mayo_124
		processing begun of material:  wire_008008136
		registered as also a user of material:  wire_008008136
		num positions      :  127
		num normals        :  127
		num tangents       :  0
		num uvs            :  254
		num uvs2           :  0
		num colors         :  0
		num triangles      :  216
	processing begun of mesh:  Mayo_126
		processing begun of material:  wire_228214153
		registered as also a user of material:  wire_228214153
		num positions      :  127
		num normals        :  127
		num tangents       :  0
		num uvs            :  254
		num uvs2           :  0
		num colors         :  0
		num triangles      :  216
	processing begun of mesh:  Mayo_127
		processing begun of material:  wire_008008136
		registered as also a user of material:  wire_008008136
		num positions      :  127
		num normals        :  127
		num tangents       :  0
		num uvs            :  254
		num uvs2           :  0
		num colors         :  0
		num triangles      :  216
	processing begun of mesh:  Cashier_2
		processing begun of material:  Cashier
			processing texture cashier
				texture type:  diffuseTexture, mapped using: "UVMap"
		num positions      :  550
		num normals        :  550
		num tangents       :  0
		num uvs            :  1100
		num uvs2           :  0
		num colors         :  0
		num triangles      :  512
	processing begun of mesh:  Cashier
		processing begun of material:  Cashier
		registered as also a user of material:  Cashier
		num positions      :  550
		num normals        :  550
		num tangents       :  0
		num uvs            :  1100
		num uvs2           :  0
		num colors         :  0
		num triangles      :  512
	processing begun of mesh:  Counter
		processing begun of material:  Material__3
			processing texture cashier_counter_tex
				texture type:  diffuseTexture, mapped using: "UVMap"
		num positions      :  120
		num normals        :  120
		num tangents       :  0
		num uvs            :  240
		num uvs2           :  0
		num colors         :  0
		num triangles      :  48
	processing begun of mesh:  Counter_Door
		processing begun of material:  wire_005005005
		registered as also a user of material:  wire_005005005
		num positions      :  27
		num normals        :  27
		num tangents       :  0
		num uvs            :  54
		num uvs2           :  0
		num colors         :  0
		num triangles      :  12
	processing begun of mesh:  Box101
		processing begun of material:  Material__5
		registered as also a user of material:  Material__5
		num positions      :  25
		num normals        :  25
		num tangents       :  0
		num uvs            :  50
		num uvs2           :  0
		num colors         :  0
		num triangles      :  12
	processing begun of mesh:  Crate1199
		processing begun of material:  Material__5
		registered as also a user of material:  Material__5
		num positions      :  520
		num normals        :  520
		num tangents       :  0
		num uvs            :  1040
		num uvs2           :  0
		num colors         :  0
		num triangles      :  240
	processing begun of mesh:  Shelf078
		processing begun of material:  Material__5
		registered as also a user of material:  Material__5
		num positions      :  50
		num normals        :  50
		num tangents       :  0
		num uvs            :  100
		num uvs2           :  0
		num colors         :  0
		num triangles      :  24
	processing begun of mesh:  Shelf079
		processing begun of material:  Material__5
		registered as also a user of material:  Material__5
		num positions      :  75
		num normals        :  75
		num tangents       :  0
		num uvs            :  150
		num uvs2           :  0
		num colors         :  0
		num triangles      :  36
	processing begun of mesh:  Mayo_393
		processing begun of material:  wire_228214153
		registered as also a user of material:  wire_228214153
		num positions      :  127
		num normals        :  127
		num tangents       :  0
		num uvs            :  254
		num uvs2           :  0
		num colors         :  0
		num triangles      :  216
	processing begun of mesh:  Mayo_394
		processing begun of material:  wire_008008136
		registered as also a user of material:  wire_008008136
		num positions      :  127
		num normals        :  127
		num tangents       :  0
		num uvs            :  254
		num uvs2           :  0
		num colors         :  0
		num triangles      :  216
	processing begun of mesh:  Mayo_396
		processing begun of material:  wire_228214153
		registered as also a user of material:  wire_228214153
		num positions      :  127
		num normals        :  127
		num tangents       :  0
		num uvs            :  254
		num uvs2           :  0
		num colors         :  0
		num triangles      :  216
	processing begun of mesh:  Mayo_397
		processing begun of material:  wire_008008136
		registered as also a user of material:  wire_008008136
		num positions      :  127
		num normals        :  127
		num tangents       :  0
		num uvs            :  254
		num uvs2           :  0
		num colors         :  0
		num triangles      :  216
	processing begun of mesh:  Mayo_399
		processing begun of material:  wire_228214153
		registered as also a user of material:  wire_228214153
		num positions      :  127
		num normals        :  127
		num tangents       :  0
		num uvs            :  254
		num uvs2           :  0
		num colors         :  0
		num triangles      :  216
	processing begun of mesh:  Mayo_400
		processing begun of material:  wire_008008136
		registered as also a user of material:  wire_008008136
		num positions      :  127
		num normals        :  127
		num tangents       :  0
		num uvs            :  254
		num uvs2           :  0
		num colors         :  0
		num triangles      :  216
	processing begun of mesh:  Mayo_402
		processing begun of material:  wire_228214153
		registered as also a user of material:  wire_228214153
		num positions      :  127
		num normals        :  127
		num tangents       :  0
		num uvs            :  254
		num uvs2           :  0
		num colors         :  0
		num triangles      :  216
	processing begun of mesh:  Mayo_403
		processing begun of material:  wire_008008136
		registered as also a user of material:  wire_008008136
		num positions      :  127
		num normals        :  127
		num tangents       :  0
		num uvs            :  254
		num uvs2           :  0
		num colors         :  0
		num triangles      :  216
	processing begun of mesh:  Mayo_405
		processing begun of material:  wire_228214153
		registered as also a user of material:  wire_228214153
		num positions      :  127
		num normals        :  127
		num tangents       :  0
		num uvs            :  254
		num uvs2           :  0
		num colors         :  0
		num triangles      :  216
	processing begun of mesh:  Mayo_406
		processing begun of material:  wire_008008136
		registered as also a user of material:  wire_008008136
		num positions      :  127
		num normals        :  127
		num tangents       :  0
		num uvs            :  254
		num uvs2           :  0
		num colors         :  0
		num triangles      :  216
	processing begun of mesh:  Mayo_408
		processing begun of material:  wire_228214153
		registered as also a user of material:  wire_228214153
		num positions      :  127
		num normals        :  127
		num tangents       :  0
		num uvs            :  254
		num uvs2           :  0
		num colors         :  0
		num triangles      :  216
	processing begun of mesh:  Mayo_409
		processing begun of material:  wire_008008136
		registered as also a user of material:  wire_008008136
		num positions      :  127
		num normals        :  127
		num tangents       :  0
		num uvs            :  254
		num uvs2           :  0
		num colors         :  0
		num triangles      :  216
	processing begun of mesh:  Mayo_411
		processing begun of material:  wire_228214153
		registered as also a user of material:  wire_228214153
		num positions      :  127
		num normals        :  127
		num tangents       :  0
		num uvs            :  254
		num uvs2           :  0
		num colors         :  0
		num triangles      :  216
	processing begun of mesh:  Mayo_412
		processing begun of material:  wire_008008136
		registered as also a user of material:  wire_008008136
		num positions      :  127
		num normals        :  127
		num tangents       :  0
		num uvs            :  254
		num uvs2           :  0
		num colors         :  0
		num triangles      :  216
	processing begun of mesh:  Mayo_414
		processing begun of material:  wire_228214153
		registered as also a user of material:  wire_228214153
		num positions      :  127
		num normals        :  127
		num tangents       :  0
		num uvs            :  254
		num uvs2           :  0
		num colors         :  0
		num triangles      :  216
	processing begun of mesh:  Mayo_415
		processing begun of material:  wire_008008136
		registered as also a user of material:  wire_008008136
		num positions      :  127
		num normals        :  127
		num tangents       :  0
		num uvs            :  254
		num uvs2           :  0
		num colors         :  0
		num triangles      :  216
	processing begun of mesh:  Box102
		processing begun of material:  Material__5
		registered as also a user of material:  Material__5
		num positions      :  25
		num normals        :  25
		num tangents       :  0
		num uvs            :  50
		num uvs2           :  0
		num colors         :  0
		num triangles      :  12
	processing begun of mesh:  Crate1201
		processing begun of material:  Material__4
		registered as also a user of material:  Material__4
		num positions      :  505
		num normals        :  505
		num tangents       :  0
		num uvs            :  1010
		num uvs2           :  0
		num colors         :  0
		num triangles      :  240
	processing begun of mesh:  Box103
		processing begun of material:  Material__5
		registered as also a user of material:  Material__5
		num positions      :  24
		num normals        :  24
		num tangents       :  0
		num uvs            :  48
		num uvs2           :  0
		num colors         :  0
		num triangles      :  12
	processing begun of mesh:  Crate1203
		processing begun of material:  Material__4
		registered as also a user of material:  Material__4
		num positions      :  510
		num normals        :  510
		num tangents       :  0
		num uvs            :  1020
		num uvs2           :  0
		num colors         :  0
		num triangles      :  240
	processing begun of mesh:  Box104
		processing begun of material:  Material__5
		registered as also a user of material:  Material__5
		num positions      :  25
		num normals        :  25
		num tangents       :  0
		num uvs            :  50
		num uvs2           :  0
		num colors         :  0
		num triangles      :  12
	processing begun of mesh:  Crate1205
		processing begun of material:  Material__4
		registered as also a user of material:  Material__4
		num positions      :  515
		num normals        :  515
		num tangents       :  0
		num uvs            :  1030
		num uvs2           :  0
		num colors         :  0
		num triangles      :  240
	processing begun of mesh:  Tiny_Shelf_1
		processing begun of material:  Material__5
		registered as also a user of material:  Material__5
		num positions      :  50
		num normals        :  50
		num tangents       :  0
		num uvs            :  100
		num uvs2           :  0
		num colors         :  0
		num triangles      :  24
	processing begun of mesh:  Tiny_Shelf_1.000
		processing begun of material:  Material__5
		registered as also a user of material:  Material__5
		num positions      :  75
		num normals        :  75
		num tangents       :  0
		num uvs            :  150
		num uvs2           :  0
		num colors         :  0
		num triangles      :  36
	processing begun of mesh:  Tiny_Shelf_1.001
		processing begun of material:  wire_228214153
		registered as also a user of material:  wire_228214153
		num positions      :  127
		num normals        :  127
		num tangents       :  0
		num uvs            :  254
		num uvs2           :  0
		num colors         :  0
		num triangles      :  216
	processing begun of mesh:  Tiny_Shelf_1.002
		processing begun of material:  wire_008008136
		registered as also a user of material:  wire_008008136
		num positions      :  127
		num normals        :  127
		num tangents       :  0
		num uvs            :  254
		num uvs2           :  0
		num colors         :  0
		num triangles      :  216
	processing begun of mesh:  Tiny_Shelf_1.003
		processing begun of material:  wire_228214153
		registered as also a user of material:  wire_228214153
		num positions      :  127
		num normals        :  127
		num tangents       :  0
		num uvs            :  254
		num uvs2           :  0
		num colors         :  0
		num triangles      :  216
	processing begun of mesh:  Tiny_Shelf_1.004
		processing begun of material:  wire_008008136
		registered as also a user of material:  wire_008008136
		num positions      :  127
		num normals        :  127
		num tangents       :  0
		num uvs            :  254
		num uvs2           :  0
		num colors         :  0
		num triangles      :  216
	processing begun of mesh:  Tiny_Shelf_1.005
		processing begun of material:  wire_228214153
		registered as also a user of material:  wire_228214153
		num positions      :  127
		num normals        :  127
		num tangents       :  0
		num uvs            :  254
		num uvs2           :  0
		num colors         :  0
		num triangles      :  216
	processing begun of mesh:  Tiny_Shelf_1.006
		processing begun of material:  wire_008008136
		registered as also a user of material:  wire_008008136
		num positions      :  127
		num normals        :  127
		num tangents       :  0
		num uvs            :  254
		num uvs2           :  0
		num colors         :  0
		num triangles      :  216
	processing begun of mesh:  Tiny_Shelf_1.007
		processing begun of material:  wire_228214153
		registered as also a user of material:  wire_228214153
		num positions      :  127
		num normals        :  127
		num tangents       :  0
		num uvs            :  254
		num uvs2           :  0
		num colors         :  0
		num triangles      :  216
	processing begun of mesh:  Tiny_Shelf_1.008
		processing begun of material:  wire_008008136
		registered as also a user of material:  wire_008008136
		num positions      :  127
		num normals        :  127
		num tangents       :  0
		num uvs            :  254
		num uvs2           :  0
		num colors         :  0
		num triangles      :  216
	processing begun of mesh:  Tiny_Shelf_1.009
		processing begun of material:  wire_228214153
		registered as also a user of material:  wire_228214153
		num positions      :  127
		num normals        :  127
		num tangents       :  0
		num uvs            :  254
		num uvs2           :  0
		num colors         :  0
		num triangles      :  216
	processing begun of mesh:  Tiny_Shelf_1.010
		processing begun of material:  wire_008008136
		registered as also a user of material:  wire_008008136
		num positions      :  127
		num normals        :  127
		num tangents       :  0
		num uvs            :  254
		num uvs2           :  0
		num colors         :  0
		num triangles      :  216
	processing begun of mesh:  Tiny_Shelf_1.011
		processing begun of material:  wire_228214153
		registered as also a user of material:  wire_228214153
		num positions      :  127
		num normals        :  127
		num tangents       :  0
		num uvs            :  254
		num uvs2           :  0
		num colors         :  0
		num triangles      :  216
	processing begun of mesh:  Tiny_Shelf_1.012
		processing begun of material:  wire_008008136
		registered as also a user of material:  wire_008008136
		num positions      :  127
		num normals        :  127
		num tangents       :  0
		num uvs            :  254
		num uvs2           :  0
		num colors         :  0
		num triangles      :  216
	processing begun of mesh:  Tiny_Shelf_1.013
		processing begun of material:  wire_228214153
		registered as also a user of material:  wire_228214153
		num positions      :  127
		num normals        :  127
		num tangents       :  0
		num uvs            :  254
		num uvs2           :  0
		num colors         :  0
		num triangles      :  216
	processing begun of mesh:  Tiny_Shelf_1.014
		processing begun of material:  wire_008008136
		registered as also a user of material:  wire_008008136
		num positions      :  127
		num normals        :  127
		num tangents       :  0
		num uvs            :  254
		num uvs2           :  0
		num colors         :  0
		num triangles      :  216
	processing begun of mesh:  Tiny_Shelf_1.015
		processing begun of material:  wire_228214153
		registered as also a user of material:  wire_228214153
		num positions      :  127
		num normals        :  127
		num tangents       :  0
		num uvs            :  254
		num uvs2           :  0
		num colors         :  0
		num triangles      :  216
	processing begun of mesh:  Tiny_Shelf_1.016
		processing begun of material:  wire_008008136
		registered as also a user of material:  wire_008008136
		num positions      :  127
		num normals        :  127
		num tangents       :  0
		num uvs            :  254
		num uvs2           :  0
		num colors         :  0
		num triangles      :  216
	processing begun of mesh:  Tiny_Shelf_1.017
		processing begun of material:  Material__5
		registered as also a user of material:  Material__5
		num positions      :  25
		num normals        :  25
		num tangents       :  0
		num uvs            :  50
		num uvs2           :  0
		num colors         :  0
		num triangles      :  12
	processing begun of mesh:  Tiny_Shelf_1.018
		processing begun of material:  Material__4
		registered as also a user of material:  Material__4
		num positions      :  506
		num normals        :  506
		num tangents       :  0
		num uvs            :  1012
		num uvs2           :  0
		num colors         :  0
		num triangles      :  240
	processing begun of mesh:  Tiny_Shelf_1.019
		processing begun of material:  Material__5
		registered as also a user of material:  Material__5
		num positions      :  24
		num normals        :  24
		num tangents       :  0
		num uvs            :  48
		num uvs2           :  0
		num colors         :  0
		num triangles      :  12
	processing begun of mesh:  Tiny_Shelf_1.020
		processing begun of material:  Material__4
		registered as also a user of material:  Material__4
		num positions      :  510
		num normals        :  510
		num tangents       :  0
		num uvs            :  1020
		num uvs2           :  0
		num colors         :  0
		num triangles      :  240
	processing begun of mesh:  Tiny_Shelf_1.021
		processing begun of material:  Material__5
		registered as also a user of material:  Material__5
		num positions      :  24
		num normals        :  24
		num tangents       :  0
		num uvs            :  48
		num uvs2           :  0
		num colors         :  0
		num triangles      :  12
	processing begun of mesh:  Tiny_Shelf_1.022
		processing begun of material:  Material__4
		registered as also a user of material:  Material__4
		num positions      :  505
		num normals        :  505
		num tangents       :  0
		num uvs            :  1010
		num uvs2           :  0
		num colors         :  0
		num triangles      :  240
	processing begun of mesh:  Tiny_Shelf_1.023
		processing begun of material:  Material__5
		registered as also a user of material:  Material__5
		num positions      :  24
		num normals        :  24
		num tangents       :  0
		num uvs            :  48
		num uvs2           :  0
		num colors         :  0
		num triangles      :  12
	processing begun of mesh:  Tiny_Shelf_1.024
		processing begun of material:  Material__5
		registered as also a user of material:  Material__5
		num positions      :  522
		num normals        :  522
		num tangents       :  0
		num uvs            :  1044
		num uvs2           :  0
		num colors         :  0
		num triangles      :  240
	processing begun of mesh:  Tiny_Shelf_2
		processing begun of material:  Material__5
		registered as also a user of material:  Material__5
		num positions      :  50
		num normals        :  50
		num tangents       :  0
		num uvs            :  100
		num uvs2           :  0
		num colors         :  0
		num triangles      :  24
	processing begun of mesh:  Tiny_Shelf_2.000
		processing begun of material:  Material__5
		registered as also a user of material:  Material__5
		num positions      :  75
		num normals        :  75
		num tangents       :  0
		num uvs            :  150
		num uvs2           :  0
		num colors         :  0
		num triangles      :  36
	processing begun of mesh:  Tiny_Shelf_2.001
		processing begun of material:  wire_228214153
		registered as also a user of material:  wire_228214153
		num positions      :  127
		num normals        :  127
		num tangents       :  0
		num uvs            :  254
		num uvs2           :  0
		num colors         :  0
		num triangles      :  216
	processing begun of mesh:  Tiny_Shelf_2.002
		processing begun of material:  wire_008008136
		registered as also a user of material:  wire_008008136
		num positions      :  127
		num normals        :  127
		num tangents       :  0
		num uvs            :  254
		num uvs2           :  0
		num colors         :  0
		num triangles      :  216
	processing begun of mesh:  Tiny_Shelf_2.003
		processing begun of material:  wire_228214153
		registered as also a user of material:  wire_228214153
		num positions      :  127
		num normals        :  127
		num tangents       :  0
		num uvs            :  254
		num uvs2           :  0
		num colors         :  0
		num triangles      :  216
	processing begun of mesh:  Tiny_Shelf_2.004
		processing begun of material:  wire_008008136
		registered as also a user of material:  wire_008008136
		num positions      :  127
		num normals        :  127
		num tangents       :  0
		num uvs            :  254
		num uvs2           :  0
		num colors         :  0
		num triangles      :  216
	processing begun of mesh:  Tiny_Shelf_2.005
		processing begun of material:  wire_228214153
		registered as also a user of material:  wire_228214153
		num positions      :  127
		num normals        :  127
		num tangents       :  0
		num uvs            :  254
		num uvs2           :  0
		num colors         :  0
		num triangles      :  216
	processing begun of mesh:  Tiny_Shelf_2.006
		processing begun of material:  wire_008008136
		registered as also a user of material:  wire_008008136
		num positions      :  127
		num normals        :  127
		num tangents       :  0
		num uvs            :  254
		num uvs2           :  0
		num colors         :  0
		num triangles      :  216
	processing begun of mesh:  Tiny_Shelf_2.007
		processing begun of material:  wire_228214153
		registered as also a user of material:  wire_228214153
		num positions      :  127
		num normals        :  127
		num tangents       :  0
		num uvs            :  254
		num uvs2           :  0
		num colors         :  0
		num triangles      :  216
	processing begun of mesh:  Tiny_Shelf_2.008
		processing begun of material:  wire_008008136
		registered as also a user of material:  wire_008008136
		num positions      :  127
		num normals        :  127
		num tangents       :  0
		num uvs            :  254
		num uvs2           :  0
		num colors         :  0
		num triangles      :  216
	processing begun of mesh:  Tiny_Shelf_2.009
		processing begun of material:  wire_228214153
		registered as also a user of material:  wire_228214153
		num positions      :  127
		num normals        :  127
		num tangents       :  0
		num uvs            :  254
		num uvs2           :  0
		num colors         :  0
		num triangles      :  216
	processing begun of mesh:  Tiny_Shelf_2.010
		processing begun of material:  wire_008008136
		registered as also a user of material:  wire_008008136
		num positions      :  127
		num normals        :  127
		num tangents       :  0
		num uvs            :  254
		num uvs2           :  0
		num colors         :  0
		num triangles      :  216
	processing begun of mesh:  Tiny_Shelf_2.011
		processing begun of material:  wire_228214153
		registered as also a user of material:  wire_228214153
		num positions      :  127
		num normals        :  127
		num tangents       :  0
		num uvs            :  254
		num uvs2           :  0
		num colors         :  0
		num triangles      :  216
	processing begun of mesh:  Tiny_Shelf_2.012
		processing begun of material:  wire_008008136
		registered as also a user of material:  wire_008008136
		num positions      :  127
		num normals        :  127
		num tangents       :  0
		num uvs            :  254
		num uvs2           :  0
		num colors         :  0
		num triangles      :  216
	processing begun of mesh:  Tiny_Shelf_2.013
		processing begun of material:  wire_228214153
		registered as also a user of material:  wire_228214153
		num positions      :  127
		num normals        :  127
		num tangents       :  0
		num uvs            :  254
		num uvs2           :  0
		num colors         :  0
		num triangles      :  216
	processing begun of mesh:  Tiny_Shelf_2.014
		processing begun of material:  wire_008008136
		registered as also a user of material:  wire_008008136
		num positions      :  127
		num normals        :  127
		num tangents       :  0
		num uvs            :  254
		num uvs2           :  0
		num colors         :  0
		num triangles      :  216
	processing begun of mesh:  Tiny_Shelf_2.015
		processing begun of material:  wire_228214153
		registered as also a user of material:  wire_228214153
		num positions      :  127
		num normals        :  127
		num tangents       :  0
		num uvs            :  254
		num uvs2           :  0
		num colors         :  0
		num triangles      :  216
	processing begun of mesh:  Tiny_Shelf_2.016
		processing begun of material:  wire_008008136
		registered as also a user of material:  wire_008008136
		num positions      :  127
		num normals        :  127
		num tangents       :  0
		num uvs            :  254
		num uvs2           :  0
		num colors         :  0
		num triangles      :  216
	processing begun of mesh:  Tiny_Shelf_2.017
		processing begun of material:  Material__5
		registered as also a user of material:  Material__5
		num positions      :  25
		num normals        :  25
		num tangents       :  0
		num uvs            :  50
		num uvs2           :  0
		num colors         :  0
		num triangles      :  12
	processing begun of mesh:  Tiny_Shelf_2.018
		processing begun of material:  Material__4
		registered as also a user of material:  Material__4
		num positions      :  505
		num normals        :  505
		num tangents       :  0
		num uvs            :  1010
		num uvs2           :  0
		num colors         :  0
		num triangles      :  240
	processing begun of mesh:  Tiny_Shelf_2.019
		processing begun of material:  Material__5
		registered as also a user of material:  Material__5
		num positions      :  24
		num normals        :  24
		num tangents       :  0
		num uvs            :  48
		num uvs2           :  0
		num colors         :  0
		num triangles      :  12
	processing begun of mesh:  Tiny_Shelf_2.020
		processing begun of material:  Material__4
		registered as also a user of material:  Material__4
		num positions      :  510
		num normals        :  510
		num tangents       :  0
		num uvs            :  1020
		num uvs2           :  0
		num colors         :  0
		num triangles      :  240
	processing begun of mesh:  Tiny_Shelf_2.021
		processing begun of material:  Material__5
		registered as also a user of material:  Material__5
		num positions      :  25
		num normals        :  25
		num tangents       :  0
		num uvs            :  50
		num uvs2           :  0
		num colors         :  0
		num triangles      :  12
	processing begun of mesh:  Tiny_Shelf_2.022
		processing begun of material:  Material__4
		registered as also a user of material:  Material__4
		num positions      :  500
		num normals        :  500
		num tangents       :  0
		num uvs            :  1000
		num uvs2           :  0
		num colors         :  0
		num triangles      :  240
	processing begun of mesh:  Tiny_Shelf_2.023
		processing begun of material:  Material__5
		registered as also a user of material:  Material__5
		num positions      :  24
		num normals        :  24
		num tangents       :  0
		num uvs            :  48
		num uvs2           :  0
		num colors         :  0
		num triangles      :  12
	processing begun of mesh:  Tiny_Shelf_2.024
		processing begun of material:  Material__5
		registered as also a user of material:  Material__5
		num positions      :  506
		num normals        :  506
		num tangents       :  0
		num uvs            :  1012
		num uvs2           :  0
		num colors         :  0
		num triangles      :  240
	processing begun of mesh:  Outer_Floor
		processing begun of material:  floor_outside
			processing texture Concrete_Cast_In_Place_Flat_Broom_Grey_bump_normalmap
				texture type:  bumpTexture, mapped using: "UVMap"
			processing texture Concrete_Cast_In_Place_Flat_Broom_Grey_bump
				texture type:  diffuseTexture, mapped using: "UVMap"
		num positions      :  48
		num normals        :  48
		num tangents       :  0
		num uvs            :  96
		num uvs2           :  0
		num colors         :  0
		num triangles      :  24
	processing begun of mesh:  Front_Window007
		processing begun of material:  glass
		registered as also a user of material:  glass
		num positions      :  75
		num normals        :  75
		num tangents       :  0
		num uvs            :  150
		num uvs2           :  0
		num colors         :  0
		num triangles      :  36
	processing begun of mesh:  Outer_Wall002
		processing begun of material:  Concrete_Wall
			processing texture Concrete_Cast_In_Place_Flat_Broom_Grey_bump_normalmap
				texture type:  bumpTexture, mapped using: "UVMap"
			processing texture Concrete_Cast_In_Place_Flat_Broom_Grey_bump
				texture type:  diffuseTexture, mapped using: "UVMap"
		num positions      :  225
		num normals        :  225
		num tangents       :  0
		num uvs            :  450
		num uvs2           :  0
		num colors         :  0
		num triangles      :  108
	processing begun of mesh:  Fox_Window_Small002
		processing begun of material:  glass
		registered as also a user of material:  glass
		num positions      :  25
		num normals        :  25
		num tangents       :  0
		num uvs            :  50
		num uvs2           :  0
		num colors         :  0
		num triangles      :  12
	processing begun of mesh:  Box074
		processing begun of material:  wire_005005005
		registered as also a user of material:  wire_005005005
		num positions      :  25
		num normals        :  25
		num tangents       :  0
		num uvs            :  50
		num uvs2           :  0
		num colors         :  0
		num triangles      :  12
	processing begun of mesh:  Cylinder005
		processing begun of material:  wire_135006006
		num positions      :  129
		num normals        :  129
		num tangents       :  0
		num uvs            :  258
		num uvs2           :  0
		num colors         :  0
		num triangles      :  216
	processing begun of mesh:  Floor001
		processing begun of material:  Floor_Tex
			processing texture floor_tex
				texture type:  diffuseTexture, mapped using: "UVMap"
		num positions      :  90
		num normals        :  90
		num tangents       :  0
		num uvs            :  180
		num uvs2           :  0
		num colors         :  0
		num triangles      :  36
	processing begun of mesh:  Souvenir_Window031
		processing begun of material:  glass
		registered as also a user of material:  glass
		num positions      :  75
		num normals        :  75
		num tangents       :  0
		num uvs            :  150
		num uvs2           :  0
		num colors         :  0
		num triangles      :  36
	processing begun of mesh:  Souvenir_Frame001
		processing begun of material:  Metal_Frame
		registered as also a user of material:  Metal_Frame
		num positions      :  225
		num normals        :  225
		num tangents       :  0
		num uvs            :  450
		num uvs2           :  0
		num colors         :  0
		num triangles      :  108
	processing begun of mesh:  Front_Window_Frame016
		processing begun of material:  Metal_Frame
		registered as also a user of material:  Metal_Frame
		num positions      :  237
		num normals        :  237
		num tangents       :  0
		num uvs            :  474
		num uvs2           :  0
		num colors         :  0
		num triangles      :  108
	processing begun of mesh:  Fox_Window_Frame001
		processing begun of material:  Metal_Frame
		registered as also a user of material:  Metal_Frame
		num positions      :  350
		num normals        :  350
		num tangents       :  0
		num uvs            :  700
		num uvs2           :  0
		num colors         :  0
		num triangles      :  168
	processing begun of mesh:  Box073
		processing begun of material:  wire_135059008
		num positions      :  25
		num normals        :  25
		num tangents       :  0
		num uvs            :  50
		num uvs2           :  0
		num colors         :  0
		num triangles      :  12
	processing begun of mesh:  Box076
		processing begun of material:  wire_135059008
		registered as also a user of material:  wire_135059008
		num positions      :  25
		num normals        :  25
		num tangents       :  0
		num uvs            :  50
		num uvs2           :  0
		num colors         :  0
		num triangles      :  12
	processing begun of mesh:  Box077
		processing begun of material:  wire_135059008
		registered as also a user of material:  wire_135059008
		num positions      :  25
		num normals        :  25
		num tangents       :  0
		num uvs            :  50
		num uvs2           :  0
		num colors         :  0
		num triangles      :  12
	processing begun of mesh:  Box075
		processing begun of material:  wire_135059008
		registered as also a user of material:  wire_135059008
		num positions      :  25
		num normals        :  25
		num tangents       :  0
		num uvs            :  50
		num uvs2           :  0
		num colors         :  0
		num triangles      :  12
	processing begun of mesh:  Roof001
		processing begun of material:  Roof_Tex
		num positions      :  13173
		num normals        :  13173
		num tangents       :  0
		num uvs            :  26346
		num uvs2           :  0
		num colors         :  0
		num triangles      :  13802
	processing begun of mesh:  Box072
		processing begun of material:  wire_143225087
		num positions      :  25
		num normals        :  25
		num tangents       :  0
		num uvs            :  50
		num uvs2           :  0
		num colors         :  0
		num triangles      :  12
	processing begun of mesh:  Fox_Window_Door001
		processing begun of material:  glass
		registered as also a user of material:  glass
		num positions      :  75
		num normals        :  75
		num tangents       :  0
		num uvs            :  150
		num uvs2           :  0
		num colors         :  0
		num triangles      :  36
	processing begun of mesh:  Box070
		processing begun of material:  Layout_Counter_Texture
		registered as also a user of material:  Layout_Counter_Texture
		num positions      :  30
		num normals        :  30
		num tangents       :  0
		num uvs            :  60
		num uvs2           :  0
		num colors         :  0
		num triangles      :  12
	processing begun of mesh:  Box071
		processing begun of material:  wire_005005005
		registered as also a user of material:  wire_005005005
		num positions      :  25
		num normals        :  25
		num tangents       :  0
		num uvs            :  50
		num uvs2           :  0
		num colors         :  0
		num triangles      :  12
	processing begun of mesh:  Grass
		processing begun of material:  Material__7
			processing texture _742708
				texture type:  diffuseTexture, mapped using: "UVMap"
		num positions      :  24
		num normals        :  24
		num tangents       :  0
		num uvs            :  48
		num uvs2           :  0
		num colors         :  0
		num triangles      :  12
	processing begun of mesh:  Door_Frame_Souvenir_Wall
		processing begun of material:  Metal_Frame
		registered as also a user of material:  Metal_Frame
		num positions      :  78
		num normals        :  78
		num tangents       :  0
		num uvs            :  156
		num uvs2           :  0
		num colors         :  0
		num triangles      :  36
	processing begun of mesh:  Floor
		processing begun of material:  Floor_Tex
		registered as also a user of material:  Floor_Tex
		num positions      :  90
		num normals        :  90
		num tangents       :  0
		num uvs            :  180
		num uvs2           :  0
		num colors         :  0
		num triangles      :  36
	processing begun of mesh:  Roof
		processing begun of material:  Roof_Tex
		registered as also a user of material:  Roof_Tex
		num positions      :  12866
		num normals        :  12866
		num tangents       :  0
		num uvs            :  25732
		num uvs2           :  0
		num colors         :  0
		num triangles      :  13808
	processing begun of mesh:  Outer_Wall
		processing begun of material:  Concrete_Wall
		registered as also a user of material:  Concrete_Wall
		num positions      :  225
		num normals        :  225
		num tangents       :  0
		num uvs            :  450
		num uvs2           :  0
		num colors         :  0
		num triangles      :  108
	processing begun of mesh:  Souvenir_Frame
		processing begun of material:  Metal_Frame
		registered as also a user of material:  Metal_Frame
		num positions      :  225
		num normals        :  225
		num tangents       :  0
		num uvs            :  450
		num uvs2           :  0
		num colors         :  0
		num triangles      :  108
	processing begun of mesh:  Souvenir_Window
		processing begun of material:  glass
		registered as also a user of material:  glass
		num positions      :  75
		num normals        :  75
		num tangents       :  0
		num uvs            :  150
		num uvs2           :  0
		num colors         :  0
		num triangles      :  36
	processing begun of mesh:  Front_Window
		processing begun of material:  glass
		registered as also a user of material:  glass
		num positions      :  75
		num normals        :  75
		num tangents       :  0
		num uvs            :  150
		num uvs2           :  0
		num colors         :  0
		num triangles      :  36
	processing begun of mesh:  Front_Window_Frame
		processing begun of material:  Metal_Frame
		registered as also a user of material:  Metal_Frame
		num positions      :  225
		num normals        :  225
		num tangents       :  0
		num uvs            :  450
		num uvs2           :  0
		num colors         :  0
		num triangles      :  108
	processing begun of mesh:  Fox_Window_Door
		processing begun of material:  glass
		registered as also a user of material:  glass
		num positions      :  75
		num normals        :  75
		num tangents       :  0
		num uvs            :  150
		num uvs2           :  0
		num colors         :  0
		num triangles      :  36
	processing begun of mesh:  Fox_Window_Frame
		processing begun of material:  Metal_Frame
		registered as also a user of material:  Metal_Frame
		num positions      :  350
		num normals        :  350
		num tangents       :  0
		num uvs            :  700
		num uvs2           :  0
		num colors         :  0
		num triangles      :  168
	processing begun of mesh:  Fox_Window_Small
		processing begun of material:  glass
		registered as also a user of material:  glass
		num positions      :  25
		num normals        :  25
		num tangents       :  0
		num uvs            :  50
		num uvs2           :  0
		num colors         :  0
		num triangles      :  12
	processing begun of mesh:  Flooroof
		processing begun of material:  Concrete_Wall
		registered as also a user of material:  Concrete_Wall
		num positions      :  185
		num normals        :  185
		num tangents       :  0
		num uvs            :  370
		num uvs2           :  0
		num colors         :  0
		num triangles      :  84
	processing begun of mesh:  Box
		processing begun of material:  Material__5
		registered as also a user of material:  Material__5
		num positions      :  434
		num normals        :  434
		num tangents       :  0
		num uvs            :  868
		num uvs2           :  0
		num colors         :  0
		num triangles      :  168
	processing begun of mesh:  Box2
		processing begun of material:  Material__5
		registered as also a user of material:  Material__5
		num positions      :  62
		num normals        :  62
		num tangents       :  0
		num uvs            :  124
		num uvs2           :  0
		num colors         :  0
		num triangles      :  24
	processing begun of mesh:  Box129
		processing begun of material:  Material__5
		registered as also a user of material:  Material__5
		num positions      :  341
		num normals        :  341
		num tangents       :  0
		num uvs            :  682
		num uvs2           :  0
		num colors         :  0
		num triangles      :  132
	processing begun of mesh:  Box130
		processing begun of material:  Material__5
		registered as also a user of material:  Material__5
		num positions      :  62
		num normals        :  62
		num tangents       :  0
		num uvs            :  124
		num uvs2           :  0
		num colors         :  0
		num triangles      :  24
	processing begun of mesh:  invisible_wall_1
		WARNING: No materials have been assigned: 
		num positions      :  4
		num normals        :  4
		num tangents       :  0
		num uvs            :  8
		num uvs2           :  0
		num colors         :  0
		num triangles      :  2
	processing begun of mesh:  invisible_wall_2
		WARNING: No materials have been assigned: 
		num positions      :  4
		num normals        :  4
		num tangents       :  0
		num uvs            :  8
		num uvs2           :  0
		num colors         :  0
		num triangles      :  2
	processing begun of mesh:  invisible_wall_3
		WARNING: No materials have been assigned: 
		num positions      :  4
		num normals        :  4
		num tangents       :  0
		num uvs            :  8
		num uvs2           :  0
		num colors         :  0
		num triangles      :  2
	processing begun of mesh:  Well
		processing begun of material:  aiStandardSurface1SG
			processing texture ca34f998c1044fdc846b36a1d63b62b0a7RbunzOKrzQ0zhG_0
				texture type:  diffuseTexture, mapped using: "UVMap"
		Custom split normals with tangents being used
		num positions      :  1364
		num normals        :  1364
		num tangents       :  5456
		num uvs            :  2728
		num uvs2           :  0
		num colors         :  0
		num triangles      :  914
		WARNING: # of 0 area faces found:  2
	processing begun of mesh:  Bucket
		processing begun of material:  aiStandardSurface2SG
			processing texture well
				texture type:  diffuseTexture, mapped using: "UVMap"
		Custom split normals with tangents being used
		num positions      :  856
		num normals        :  856
		num tangents       :  3424
		num uvs            :  1712
		num uvs2           :  0
		num colors         :  0
		num triangles      :  468
	processing begun of mesh:  fox1
		processing begun of material:  fox_material
			processing texture texture
				texture type:  diffuseTexture, mapped using: "UVMap"
		Custom split normals with tangents being used
		num positions      :  1615
		num normals        :  1615
		num tangents       :  6460
		num uvs            :  3230
		num uvs2           :  0
		num colors         :  0
		num triangles      :  576
========= Writing of JSON file started =========
	writing mesh:  Box111
	writing mesh:  Box112
	writing mesh:  Box113
	writing mesh:  Box114
	writing mesh:  Box118
	writing mesh:  Box119
	writing mesh:  Box116
	writing mesh:  Box117
	writing mesh:  Box105
	writing mesh:  Box106
	writing mesh:  Box122
	writing mesh:  Box123
	writing mesh:  Box125
	writing mesh:  Box124
	writing mesh:  Box127
	writing mesh:  Box126
	writing mesh:  Shelves_With_items
	writing mesh:  Shelves_With_items.000
	writing mesh:  Shelves_With_items.001
	writing mesh:  Shelves_With_items.002
	writing mesh:  Shelves_With_items.003
	writing mesh:  Shelves_With_items.004
	writing mesh:  Shelves_With_items.005
	writing mesh:  Shelves_With_items.006
	writing mesh:  Shelves_With_items.007
	writing mesh:  Shelves_With_items.008
	writing mesh:  Shelves_With_items.009
	writing mesh:  Shelves_With_items.010
	writing mesh:  Shelves_With_items.011
	writing mesh:  Shelves_With_items.012
	writing mesh:  Shelves_With_items.013
	writing mesh:  Shelves_With_items.014
	writing mesh:  Shelves_With_items.015
	writing mesh:  Shelves_With_items.016
	writing mesh:  Shelves_With_items.017
	writing mesh:  Shelves_With_items.018
	writing mesh:  Shelves_With_items.019
	writing mesh:  Shelves_With_items.020
	writing mesh:  Shelves_With_items.021
	writing mesh:  Shelves_With_items.022
	writing mesh:  Shelves_With_items.023
	writing mesh:  Shelves_With_items.024
	writing mesh:  Shelves_With_items.025
	writing mesh:  Shelves_With_items.026
	writing mesh:  Shelves_With_items.027
	writing mesh:  Shelves_With_items.028
	writing mesh:  Shelves_With_items.029
	writing mesh:  Shelves_With_items.030
	writing mesh:  Shelves_With_items.031
	writing mesh:  Shelves_With_items.032
	writing mesh:  Shelves_With_items.033
	writing mesh:  Shelves_With_items.034
	writing mesh:  Shelves_With_items.035
	writing mesh:  Shelves_With_items.036
	writing mesh:  Shelves_With_items.037
	writing mesh:  Shelves_With_items.038
	writing mesh:  Shelves_With_items.039
	writing mesh:  Shelves_With_items.040
	writing mesh:  Shelves_With_items.041
	writing mesh:  Shelves_With_items.042
	writing mesh:  Shelves_With_items.043
	writing mesh:  Shelves_With_items.044
	writing mesh:  Shelves_With_items.045
	writing mesh:  Shelves_With_items.046
	writing mesh:  Shelves_With_items.047
	writing mesh:  Shelves_With_items.048
	writing mesh:  Shelves_With_items.049
	writing mesh:  Shelves_With_items.050
	writing mesh:  Shelves_With_items.051
	writing mesh:  Shelves_With_items.052
	writing mesh:  Shelves_With_items.053
	writing mesh:  Shelves_With_items.054
	writing mesh:  Shelves_With_items.055
	writing mesh:  Shelves_With_items.056
	writing mesh:  Shelves_With_items.057
	writing mesh:  Shelves_With_items.058
	writing mesh:  Shelves_With_items.059
	writing mesh:  Shelves_With_items.060
	writing mesh:  Shelves_With_items.061
	writing mesh:  Shelves_With_items.062
	writing mesh:  Shelves_With_items.063
	writing mesh:  Shelves_With_items.064
	writing mesh:  Shelves_With_items.065
	writing mesh:  Shelves_With_items.066
	writing mesh:  Shelves_With_items.067
	writing mesh:  Shelves_With_items.068
	writing mesh:  Shelves_With_items.069
	writing mesh:  Shelves_With_items.070
	writing mesh:  Shelves_With_items.071
	writing mesh:  Shelves_With_items.072
	writing mesh:  Shelves_With_items.073
	writing mesh:  Shelves_With_items.074
	writing mesh:  Shelves_With_items.075
	writing mesh:  Shelves_With_items.076
	writing mesh:  Mayo_120
	writing mesh:  Mayo_121
	writing mesh:  Mayo_117
	writing mesh:  Mayo_118
	writing mesh:  Mayo_123
	writing mesh:  Mayo_124
	writing mesh:  Mayo_126
	writing mesh:  Mayo_127
	writing mesh:  Cashier_2
	writing mesh:  Cashier
	writing mesh:  Counter
	writing mesh:  Counter_Door
	writing mesh:  Box101
	writing mesh:  Crate1199
	writing mesh:  Shelf078
	writing mesh:  Shelf079
	writing mesh:  Mayo_393
	writing mesh:  Mayo_394
	writing mesh:  Mayo_396
	writing mesh:  Mayo_397
	writing mesh:  Mayo_399
	writing mesh:  Mayo_400
	writing mesh:  Mayo_402
	writing mesh:  Mayo_403
	writing mesh:  Mayo_405
	writing mesh:  Mayo_406
	writing mesh:  Mayo_408
	writing mesh:  Mayo_409
	writing mesh:  Mayo_411
	writing mesh:  Mayo_412
	writing mesh:  Mayo_414
	writing mesh:  Mayo_415
	writing mesh:  Box102
	writing mesh:  Crate1201
	writing mesh:  Box103
	writing mesh:  Crate1203
	writing mesh:  Box104
	writing mesh:  Crate1205
	writing mesh:  Tiny_Shelf_1
	writing mesh:  Tiny_Shelf_1.000
	writing mesh:  Tiny_Shelf_1.001
	writing mesh:  Tiny_Shelf_1.002
	writing mesh:  Tiny_Shelf_1.003
	writing mesh:  Tiny_Shelf_1.004
	writing mesh:  Tiny_Shelf_1.005
	writing mesh:  Tiny_Shelf_1.006
	writing mesh:  Tiny_Shelf_1.007
	writing mesh:  Tiny_Shelf_1.008
	writing mesh:  Tiny_Shelf_1.009
	writing mesh:  Tiny_Shelf_1.010
	writing mesh:  Tiny_Shelf_1.011
	writing mesh:  Tiny_Shelf_1.012
	writing mesh:  Tiny_Shelf_1.013
	writing mesh:  Tiny_Shelf_1.014
	writing mesh:  Tiny_Shelf_1.015
	writing mesh:  Tiny_Shelf_1.016
	writing mesh:  Tiny_Shelf_1.017
	writing mesh:  Tiny_Shelf_1.018
	writing mesh:  Tiny_Shelf_1.019
	writing mesh:  Tiny_Shelf_1.020
	writing mesh:  Tiny_Shelf_1.021
	writing mesh:  Tiny_Shelf_1.022
	writing mesh:  Tiny_Shelf_1.023
	writing mesh:  Tiny_Shelf_1.024
	writing mesh:  Tiny_Shelf_2
	writing mesh:  Tiny_Shelf_2.000
	writing mesh:  Tiny_Shelf_2.001
	writing mesh:  Tiny_Shelf_2.002
	writing mesh:  Tiny_Shelf_2.003
	writing mesh:  Tiny_Shelf_2.004
	writing mesh:  Tiny_Shelf_2.005
	writing mesh:  Tiny_Shelf_2.006
	writing mesh:  Tiny_Shelf_2.007
	writing mesh:  Tiny_Shelf_2.008
	writing mesh:  Tiny_Shelf_2.009
	writing mesh:  Tiny_Shelf_2.010
	writing mesh:  Tiny_Shelf_2.011
	writing mesh:  Tiny_Shelf_2.012
	writing mesh:  Tiny_Shelf_2.013
	writing mesh:  Tiny_Shelf_2.014
	writing mesh:  Tiny_Shelf_2.015
	writing mesh:  Tiny_Shelf_2.016
	writing mesh:  Tiny_Shelf_2.017
	writing mesh:  Tiny_Shelf_2.018
	writing mesh:  Tiny_Shelf_2.019
	writing mesh:  Tiny_Shelf_2.020
	writing mesh:  Tiny_Shelf_2.021
	writing mesh:  Tiny_Shelf_2.022
	writing mesh:  Tiny_Shelf_2.023
	writing mesh:  Tiny_Shelf_2.024
	writing mesh:  Outer_Floor
	writing mesh:  Front_Window007
	writing mesh:  Outer_Wall002
	writing mesh:  Fox_Window_Small002
	writing mesh:  Box074
	writing mesh:  Cylinder005
	writing mesh:  Floor001
	writing mesh:  Souvenir_Window031
	writing mesh:  Souvenir_Frame001
	writing mesh:  Front_Window_Frame016
	writing mesh:  Fox_Window_Frame001
	writing mesh:  Box073
	writing mesh:  Box076
	writing mesh:  Box077
	writing mesh:  Box075
	writing mesh:  Roof001
	writing mesh:  Box072
	writing mesh:  Fox_Window_Door001
	writing mesh:  Box070
	writing mesh:  Box071
	writing mesh:  Grass
	writing mesh:  Door_Frame_Souvenir_Wall
	writing mesh:  Floor
	writing mesh:  Roof
	writing mesh:  Outer_Wall
	writing mesh:  Souvenir_Frame
	writing mesh:  Souvenir_Window
	writing mesh:  Front_Window
	writing mesh:  Front_Window_Frame
	writing mesh:  Fox_Window_Door
	writing mesh:  Fox_Window_Frame
	writing mesh:  Fox_Window_Small
	writing mesh:  Flooroof
	writing mesh:  Box
	writing mesh:  Box2
	writing mesh:  Box129
	writing mesh:  Box130
	writing mesh:  invisible_wall_1
	writing mesh:  invisible_wall_2
	writing mesh:  invisible_wall_3
	writing mesh:  Well
	writing mesh:  Bucket
	writing mesh:  fox1
========= Writing of JSON file completed =========
========= end of processing =========
elapsed time:  0 min, 8.4017 secs
